<?xml version="1.0" encoding="UTF-8"?>
<testng-results ignored="0" total="1" passed="1" failed="0" skipped="0">
  <reporter-output>
  </reporter-output>
  <suite started-at="2026-04-18T19:18:41 GMT+03:00" name="Selenium Mini Suite" finished-at="2026-04-18T19:18:51 GMT+03:00" duration-ms="10238">
    <groups>
    </groups>
    <test started-at="2026-04-18T19:18:41 GMT+03:00" name="Mini Project Test" finished-at="2026-04-18T19:18:51 GMT+03:00" duration-ms="10238">
      <class name="com.neethu.tests.Miniproject2_Handle_multiple_features">
        <test-method is-config="true" signature="setup()[pri:0, instance:com.neethu.tests.Miniproject2_Handle_multiple_features@689604d9]" started-at="2026-04-18T19:18:41 GMT+03:00" name="setup" finished-at="2026-04-18T19:18:46 GMT+03:00" duration-ms="4772" status="PASS">
          <reporter-output>
          </reporter-output>
        </test-method> <!-- setup -->
        <test-method signature="testMultipleFeatures()[pri:0, instance:com.neethu.tests.Miniproject2_Handle_multiple_features@689604d9]" started-at="2026-04-18T19:18:46 GMT+03:00" name="testMultipleFeatures" finished-at="2026-04-18T19:18:51 GMT+03:00" duration-ms="5438" status="PASS">
          <reporter-output>
          </reporter-output>
        </test-method> <!-- testMultipleFeatures -->
        <test-method is-config="true" signature="teardown()[pri:0, instance:com.neethu.tests.Miniproject2_Handle_multiple_features@689604d9]" started-at="2026-04-18T19:18:51 GMT+03:00" name="teardown" finished-at="2026-04-18T19:18:51 GMT+03:00" duration-ms="0" status="PASS">
          <reporter-output>
          </reporter-output>
        </test-method> <!-- teardown -->
      </class> <!-- com.neethu.tests.Miniproject2_Handle_multiple_features -->
    </test> <!-- Mini Project Test -->
  </suite> <!-- Selenium Mini Suite -->
</testng-results>
