<?xml version="1.0" encoding="UTF-8"?>
<!-- Generated by org.testng.reporters.JUnitReportReporter -->
<testsuite hostname="Neethusingh_25" failures="0" tests="1" name="selenium_mini_projects.Miniproject2_Handle_multiple_features" time="13.478" errors="0" timestamp="2026-04-18T18:58:37 GMT+03:00" skipped="0">
  <testcase classname="selenium_mini_projects.Miniproject2_Handle_multiple_features" name="testMultipleFeatures" time="13.478"/>
</testsuite> <!-- selenium_mini_projects.Miniproject2_Handle_multiple_features -->
