<?xml version="1.0" encoding="UTF-8"?>
<!-- Generated by org.testng.reporters.JUnitReportReporter -->
<testsuite hostname="Neethusingh_25" failures="0" tests="1" name="com.neethu.tests.Miniproject2_Handle_multiple_features" time="10.210" errors="0" timestamp="2026-04-18T19:18:51 GMT+03:00" skipped="0">
  <testcase classname="com.neethu.tests.Miniproject2_Handle_multiple_features" name="testMultipleFeatures" time="10.210"/>
</testsuite> <!-- com.neethu.tests.Miniproject2_Handle_multiple_features -->
